<?xml version="1.0" encoding="UTF-8"?>
<robot generator="Robot 7.0 (Python 3.9.6 on darwin)" generated="2024-06-14T11:35:58.215918" rpa="false" schemaversion="5">
<suite id="s1" name="FriendLog-Testcase" source="/Users/thunodde/Documents/KeycloakTheme/FriendLog-Testcase.robot">
<test id="s1-t1" name="สามารถเปิดเว็บไซต์ Friendlog ได้" line="6">
<kw name="สามารถเปิดเว็บไซต์ Friendlog ได้" owner="Keywords-FriendLog-Testcase">
<kw name="Open Browser" owner="SeleniumLibrary">
<msg time="2024-06-14T11:35:58.295372" level="INFO">Opening browser 'gc' to base url 'http://10.204.161.98/'.</msg>
<arg>${url}</arg>
<arg>gc</arg>
<doc>Opens a new browser instance to the optional ``url``.</doc>
<status status="PASS" start="2024-06-14T11:35:58.295145" elapsed="1.895602"/>
</kw>
<status status="PASS" start="2024-06-14T11:35:58.294617" elapsed="1.896321"/>
</kw>
<status status="PASS" start="2024-06-14T11:35:58.293868" elapsed="1.897300"/>
</test>
<test id="s1-t2" name="กรอกข้อความลงในช่อง email ไม่ถูกต้อง password ถูกต้อง เข้าสู่ระบบไม่ได้" line="9">
<kw name="กดกรอกข้อความลงในช่องemail ไม่ถูกต้อง" owner="Keywords-FriendLog-Testcase">
<kw name="Click Element" owner="SeleniumLibrary">
<msg time="2024-06-14T11:36:00.193549" level="INFO">Clicking element '//*[@id="username"]'.</msg>
<arg>//*[@id="username"]</arg>
<doc>Click the element identified by ``locator``.</doc>
<status status="PASS" start="2024-06-14T11:36:00.193278" elapsed="0.027314"/>
</kw>
<kw name="Input Text" owner="SeleniumLibrary">
<msg time="2024-06-14T11:36:00.220876" level="INFO">Typing text 'user' into text field '//*[@id="username"]'.</msg>
<arg>//*[@id="username"]</arg>
<arg>user</arg>
<doc>Types the given ``text`` into the text field identified by ``locator``.</doc>
<status status="PASS" start="2024-06-14T11:36:00.220734" elapsed="0.077235"/>
</kw>
<kw name="Sleep" owner="BuiltIn">
<msg time="2024-06-14T11:36:02.299772" level="INFO">Slept 2 seconds.</msg>
<arg>2s</arg>
<doc>Pauses the test executed for the given time.</doc>
<status status="PASS" start="2024-06-14T11:36:00.298138" elapsed="2.002125"/>
</kw>
<status status="PASS" start="2024-06-14T11:36:00.193044" elapsed="2.107671"/>
</kw>
<kw name="กดกรอกข้อความลงในช่องpassword ถูกต้อง" owner="Keywords-FriendLog-Testcase">
<kw name="Click Element" owner="SeleniumLibrary">
<msg time="2024-06-14T11:36:02.303337" level="INFO">Clicking element '//*[@id="password"]'.</msg>
<arg>//*[@id="password"]</arg>
<doc>Click the element identified by ``locator``.</doc>
<status status="PASS" start="2024-06-14T11:36:02.302719" elapsed="0.039376"/>
</kw>
<kw name="Input Text" owner="SeleniumLibrary">
<msg time="2024-06-14T11:36:02.342517" level="INFO">Typing text '1' into text field '//*[@id="password"]'.</msg>
<arg>//*[@id="password"]</arg>
<arg>${inp_password}</arg>
<doc>Types the given ``text`` into the text field identified by ``locator``.</doc>
<status status="PASS" start="2024-06-14T11:36:02.342283" elapsed="0.024828"/>
</kw>
<kw name="Sleep" owner="BuiltIn">
<msg time="2024-06-14T11:36:04.368936" level="INFO">Slept 2 seconds.</msg>
<arg>2s</arg>
<doc>Pauses the test executed for the given time.</doc>
<status status="PASS" start="2024-06-14T11:36:02.367242" elapsed="2.002034"/>
</kw>
<status status="PASS" start="2024-06-14T11:36:02.301678" elapsed="2.067862"/>
</kw>
<kw name="กดปุ่ม login เข้าสู่ระบบ" owner="Keywords-FriendLog-Testcase">
<kw name="Click Element" owner="SeleniumLibrary">
<msg time="2024-06-14T11:36:04.371009" level="INFO">Clicking element '//*[@id="kc-form-login"]/div/div/div[3]/div/button'.</msg>
<arg>//*[@id="kc-form-login"]/div/div/div[3]/div/button</arg>
<doc>Click the element identified by ``locator``.</doc>
<status status="PASS" start="2024-06-14T11:36:04.370712" elapsed="0.642508"/>
</kw>
<kw name="Sleep" owner="BuiltIn">
<msg time="2024-06-14T11:36:06.015871" level="INFO">Slept 1 second.</msg>
<arg>1s</arg>
<doc>Pauses the test executed for the given time.</doc>
<status status="PASS" start="2024-06-14T11:36:05.013420" elapsed="1.003092"/>
</kw>
<status status="PASS" start="2024-06-14T11:36:04.370187" elapsed="1.646859"/>
</kw>
<kw name="ลบข้อมูลในช่องemail และ password" owner="Keywords-FriendLog-Testcase">
<kw name="Click Element" owner="SeleniumLibrary">
<msg time="2024-06-14T11:36:06.019417" level="INFO">Clicking element '//*[@id="username"]'.</msg>
<arg>//*[@id="username"]</arg>
<doc>Click the element identified by ``locator``.</doc>
<status status="PASS" start="2024-06-14T11:36:06.018823" elapsed="0.038171"/>
</kw>
<kw name="Clear Element Text" owner="SeleniumLibrary">
<arg>//*[@id="username"]</arg>
<doc>Clears the value of the text-input-element identified by ``locator``.</doc>
<status status="PASS" start="2024-06-14T11:36:06.057174" elapsed="0.015826"/>
</kw>
<kw name="Click Element" owner="SeleniumLibrary">
<msg time="2024-06-14T11:36:06.073307" level="INFO">Clicking element '//*[@id="password"]'.</msg>
<arg>//*[@id="password"]</arg>
<doc>Click the element identified by ``locator``.</doc>
<status status="PASS" start="2024-06-14T11:36:06.073161" elapsed="0.022476"/>
</kw>
<kw name="Clear Element Text" owner="SeleniumLibrary">
<arg>//*[@id="password"]</arg>
<doc>Clears the value of the text-input-element identified by ``locator``.</doc>
<status status="PASS" start="2024-06-14T11:36:06.095764" elapsed="0.011998"/>
</kw>
<kw name="Sleep" owner="BuiltIn">
<msg time="2024-06-14T11:36:08.108756" level="INFO">Slept 2 seconds.</msg>
<arg>2s</arg>
<doc>Pauses the test executed for the given time.</doc>
<status status="PASS" start="2024-06-14T11:36:06.107865" elapsed="2.001279"/>
</kw>
<status status="PASS" start="2024-06-14T11:36:06.017965" elapsed="2.091573"/>
</kw>
<status status="PASS" start="2024-06-14T11:36:00.191386" elapsed="7.918741"/>
</test>
<test id="s1-t3" name="กรอกข้อความลงในช่อง email ถูกต้อง password ไม่ถูกต้อง เข้าสู่ระบบไม่ได้" line="15">
<kw name="กดกรอกข้อความลงในช่องemail ถูกต้อง" owner="Keywords-FriendLog-Testcase">
<kw name="Click Element" owner="SeleniumLibrary">
<msg time="2024-06-14T11:36:08.117106" level="INFO">Clicking element '//*[@id="username"]'.</msg>
<arg>//*[@id="username"]</arg>
<doc>Click the element identified by ``locator``.</doc>
<status status="PASS" start="2024-06-14T11:36:08.116522" elapsed="0.032629"/>
</kw>
<kw name="Input Text" owner="SeleniumLibrary">
<msg time="2024-06-14T11:36:08.149690" level="INFO">Typing text 'userTest' into text field '//*[@id="username"]'.</msg>
<arg>//*[@id="username"]</arg>
<arg>${inp_email}</arg>
<doc>Types the given ``text`` into the text field identified by ``locator``.</doc>
<status status="PASS" start="2024-06-14T11:36:08.149404" elapsed="0.035302"/>
</kw>
<kw name="Sleep" owner="BuiltIn">
<msg time="2024-06-14T11:36:10.186503" level="INFO">Slept 2 seconds.</msg>
<arg>2s</arg>
<doc>Pauses the test executed for the given time.</doc>
<status status="PASS" start="2024-06-14T11:36:08.184854" elapsed="2.002123"/>
</kw>
<status status="PASS" start="2024-06-14T11:36:08.115715" elapsed="2.071766"/>
</kw>
<kw name="กดกรอกข้อความลงในช่องpassword ไม่ถูกต้อง" owner="Keywords-FriendLog-Testcase">
<kw name="Click Element" owner="SeleniumLibrary">
<msg time="2024-06-14T11:36:10.190100" level="INFO">Clicking element '//*[@id="password"]'.</msg>
<arg>//*[@id="password"]</arg>
<doc>Click the element identified by ``locator``.</doc>
<status status="PASS" start="2024-06-14T11:36:10.189443" elapsed="0.038221"/>
</kw>
<kw name="Input Text" owner="SeleniumLibrary">
<msg time="2024-06-14T11:36:10.228107" level="INFO">Typing text '134' into text field '//*[@id="password"]'.</msg>
<arg>//*[@id="password"]</arg>
<arg>134</arg>
<doc>Types the given ``text`` into the text field identified by ``locator``.</doc>
<status status="PASS" start="2024-06-14T11:36:10.227881" elapsed="0.025819"/>
</kw>
<kw name="Sleep" owner="BuiltIn">
<msg time="2024-06-14T11:36:12.255063" level="INFO">Slept 2 seconds.</msg>
<arg>2s</arg>
<doc>Pauses the test executed for the given time.</doc>
<status status="PASS" start="2024-06-14T11:36:10.253981" elapsed="2.001607"/>
</kw>
<status status="PASS" start="2024-06-14T11:36:10.188441" elapsed="2.067721"/>
</kw>
<kw name="กดปุ่ม login เข้าสู่ระบบ" owner="Keywords-FriendLog-Testcase">
<kw name="Click Element" owner="SeleniumLibrary">
<msg time="2024-06-14T11:36:12.259043" level="INFO">Clicking element '//*[@id="kc-form-login"]/div/div/div[3]/div/button'.</msg>
<arg>//*[@id="kc-form-login"]/div/div/div[3]/div/button</arg>
<doc>Click the element identified by ``locator``.</doc>
<status status="PASS" start="2024-06-14T11:36:12.258477" elapsed="0.507504"/>
</kw>
<kw name="Sleep" owner="BuiltIn">
<msg time="2024-06-14T11:36:13.767337" level="INFO">Slept 1 second.</msg>
<arg>1s</arg>
<doc>Pauses the test executed for the given time.</doc>
<status status="PASS" start="2024-06-14T11:36:12.766538" elapsed="1.001426"/>
</kw>
<status status="PASS" start="2024-06-14T11:36:12.257245" elapsed="1.511324"/>
</kw>
<kw name="ลบข้อมูลในช่องemail และ password" owner="Keywords-FriendLog-Testcase">
<kw name="Click Element" owner="SeleniumLibrary">
<msg time="2024-06-14T11:36:13.771517" level="INFO">Clicking element '//*[@id="username"]'.</msg>
<arg>//*[@id="username"]</arg>
<doc>Click the element identified by ``locator``.</doc>
<status status="PASS" start="2024-06-14T11:36:13.771000" elapsed="0.037413"/>
</kw>
<kw name="Clear Element Text" owner="SeleniumLibrary">
<arg>//*[@id="username"]</arg>
<doc>Clears the value of the text-input-element identified by ``locator``.</doc>
<status status="PASS" start="2024-06-14T11:36:13.808648" elapsed="0.016212"/>
</kw>
<kw name="Click Element" owner="SeleniumLibrary">
<msg time="2024-06-14T11:36:13.825130" level="INFO">Clicking element '//*[@id="password"]'.</msg>
<arg>//*[@id="password"]</arg>
<doc>Click the element identified by ``locator``.</doc>
<status status="PASS" start="2024-06-14T11:36:13.824991" elapsed="0.019495"/>
</kw>
<kw name="Clear Element Text" owner="SeleniumLibrary">
<arg>//*[@id="password"]</arg>
<doc>Clears the value of the text-input-element identified by ``locator``.</doc>
<status status="PASS" start="2024-06-14T11:36:13.844612" elapsed="0.012081"/>
</kw>
<kw name="Sleep" owner="BuiltIn">
<msg time="2024-06-14T11:36:15.857744" level="INFO">Slept 2 seconds.</msg>
<arg>2s</arg>
<doc>Pauses the test executed for the given time.</doc>
<status status="PASS" start="2024-06-14T11:36:13.856799" elapsed="2.001438"/>
</kw>
<status status="PASS" start="2024-06-14T11:36:13.769760" elapsed="2.088896"/>
</kw>
<status status="PASS" start="2024-06-14T11:36:08.110727" elapsed="7.748585"/>
</test>
<test id="s1-t4" name="กรอกข้อความลงในช่อง email และ password ไม่ถูกต้อง เข้าสู่ระบบไม่ได้" line="20">
<kw name="กดกรอกข้อความลงในช่องemail ไม่ถูกต้อง" owner="Keywords-FriendLog-Testcase">
<kw name="Click Element" owner="SeleniumLibrary">
<msg time="2024-06-14T11:36:15.865194" level="INFO">Clicking element '//*[@id="username"]'.</msg>
<arg>//*[@id="username"]</arg>
<doc>Click the element identified by ``locator``.</doc>
<status status="PASS" start="2024-06-14T11:36:15.864677" elapsed="0.033928"/>
</kw>
<kw name="Input Text" owner="SeleniumLibrary">
<msg time="2024-06-14T11:36:15.899118" level="INFO">Typing text 'user' into text field '//*[@id="username"]'.</msg>
<arg>//*[@id="username"]</arg>
<arg>user</arg>
<doc>Types the given ``text`` into the text field identified by ``locator``.</doc>
<status status="PASS" start="2024-06-14T11:36:15.898883" elapsed="0.031122"/>
</kw>
<kw name="Sleep" owner="BuiltIn">
<msg time="2024-06-14T11:36:17.932586" level="INFO">Slept 2 seconds.</msg>
<arg>2s</arg>
<doc>Pauses the test executed for the given time.</doc>
<status status="PASS" start="2024-06-14T11:36:15.930432" elapsed="2.002335"/>
</kw>
<status status="PASS" start="2024-06-14T11:36:15.863911" elapsed="2.069053"/>
</kw>
<kw name="กดกรอกข้อความลงในช่องpassword ไม่ถูกต้อง" owner="Keywords-FriendLog-Testcase">
<kw name="Click Element" owner="SeleniumLibrary">
<msg time="2024-06-14T11:36:17.933780" level="INFO">Clicking element '//*[@id="password"]'.</msg>
<arg>//*[@id="password"]</arg>
<doc>Click the element identified by ``locator``.</doc>
<status status="PASS" start="2024-06-14T11:36:17.933584" elapsed="0.027720"/>
</kw>
<kw name="Input Text" owner="SeleniumLibrary">
<msg time="2024-06-14T11:36:17.961617" level="INFO">Typing text '134' into text field '//*[@id="password"]'.</msg>
<arg>//*[@id="password"]</arg>
<arg>134</arg>
<doc>Types the given ``text`` into the text field identified by ``locator``.</doc>
<status status="PASS" start="2024-06-14T11:36:17.961454" elapsed="0.022289"/>
</kw>
<kw name="Sleep" owner="BuiltIn">
<msg time="2024-06-14T11:36:19.985434" level="INFO">Slept 2 seconds.</msg>
<arg>2s</arg>
<doc>Pauses the test executed for the given time.</doc>
<status status="PASS" start="2024-06-14T11:36:17.983850" elapsed="2.001989"/>
</kw>
<status status="PASS" start="2024-06-14T11:36:17.933261" elapsed="2.052951"/>
</kw>
<kw name="กดปุ่ม login เข้าสู่ระบบ" owner="Keywords-FriendLog-Testcase">
<kw name="Click Element" owner="SeleniumLibrary">
<msg time="2024-06-14T11:36:19.988977" level="INFO">Clicking element '//*[@id="kc-form-login"]/div/div/div[3]/div/button'.</msg>
<arg>//*[@id="kc-form-login"]/div/div/div[3]/div/button</arg>
<doc>Click the element identified by ``locator``.</doc>
<status status="PASS" start="2024-06-14T11:36:19.988134" elapsed="0.547909"/>
</kw>
<kw name="Sleep" owner="BuiltIn">
<msg time="2024-06-14T11:36:21.538096" level="INFO">Slept 1 second.</msg>
<arg>1s</arg>
<doc>Pauses the test executed for the given time.</doc>
<status status="PASS" start="2024-06-14T11:36:20.536266" elapsed="1.002425"/>
</kw>
<status status="PASS" start="2024-06-14T11:36:19.986978" elapsed="1.552442"/>
</kw>
<kw name="ลบข้อมูลในช่องemail และ password" owner="Keywords-FriendLog-Testcase">
<kw name="Click Element" owner="SeleniumLibrary">
<msg time="2024-06-14T11:36:21.542360" level="INFO">Clicking element '//*[@id="username"]'.</msg>
<arg>//*[@id="username"]</arg>
<doc>Click the element identified by ``locator``.</doc>
<status status="PASS" start="2024-06-14T11:36:21.541823" elapsed="0.037447"/>
</kw>
<kw name="Clear Element Text" owner="SeleniumLibrary">
<arg>//*[@id="username"]</arg>
<doc>Clears the value of the text-input-element identified by ``locator``.</doc>
<status status="PASS" start="2024-06-14T11:36:21.579480" elapsed="0.023964"/>
</kw>
<kw name="Click Element" owner="SeleniumLibrary">
<msg time="2024-06-14T11:36:21.603736" level="INFO">Clicking element '//*[@id="password"]'.</msg>
<arg>//*[@id="password"]</arg>
<doc>Click the element identified by ``locator``.</doc>
<status status="PASS" start="2024-06-14T11:36:21.603588" elapsed="0.017860"/>
</kw>
<kw name="Clear Element Text" owner="SeleniumLibrary">
<arg>//*[@id="password"]</arg>
<doc>Clears the value of the text-input-element identified by ``locator``.</doc>
<status status="PASS" start="2024-06-14T11:36:21.621597" elapsed="0.012050"/>
</kw>
<kw name="Sleep" owner="BuiltIn">
<msg time="2024-06-14T11:36:23.636466" level="INFO">Slept 2 seconds.</msg>
<arg>2s</arg>
<doc>Pauses the test executed for the given time.</doc>
<status status="PASS" start="2024-06-14T11:36:21.633751" elapsed="2.003344"/>
</kw>
<status status="PASS" start="2024-06-14T11:36:21.540623" elapsed="2.097072"/>
</kw>
<status status="PASS" start="2024-06-14T11:36:15.859973" elapsed="7.778539"/>
</test>
<test id="s1-t5" name="กรอกข้อความลงในช่อง email แต่ไม่กรอก password เข้าสู่ระบบไม่ได้" line="26">
<kw name="กดกรอกข้อความลงในช่องemail ถูกต้อง" owner="Keywords-FriendLog-Testcase">
<kw name="Click Element" owner="SeleniumLibrary">
<msg time="2024-06-14T11:36:23.644649" level="INFO">Clicking element '//*[@id="username"]'.</msg>
<arg>//*[@id="username"]</arg>
<doc>Click the element identified by ``locator``.</doc>
<status status="PASS" start="2024-06-14T11:36:23.644110" elapsed="0.036351"/>
</kw>
<kw name="Input Text" owner="SeleniumLibrary">
<msg time="2024-06-14T11:36:23.681509" level="INFO">Typing text 'userTest' into text field '//*[@id="username"]'.</msg>
<arg>//*[@id="username"]</arg>
<arg>${inp_email}</arg>
<doc>Types the given ``text`` into the text field identified by ``locator``.</doc>
<status status="PASS" start="2024-06-14T11:36:23.681132" elapsed="0.027216"/>
</kw>
<kw name="Sleep" owner="BuiltIn">
<msg time="2024-06-14T11:36:25.709904" level="INFO">Slept 2 seconds.</msg>
<arg>2s</arg>
<doc>Pauses the test executed for the given time.</doc>
<status status="PASS" start="2024-06-14T11:36:23.708495" elapsed="2.001998"/>
</kw>
<status status="PASS" start="2024-06-14T11:36:23.643395" elapsed="2.067697"/>
</kw>
<kw name="กดปุ่ม login เข้าสู่ระบบ" owner="Keywords-FriendLog-Testcase">
<kw name="Click Element" owner="SeleniumLibrary">
<msg time="2024-06-14T11:36:25.713896" level="INFO">Clicking element '//*[@id="kc-form-login"]/div/div/div[3]/div/button'.</msg>
<arg>//*[@id="kc-form-login"]/div/div/div[3]/div/button</arg>
<doc>Click the element identified by ``locator``.</doc>
<status status="PASS" start="2024-06-14T11:36:25.713291" elapsed="0.032205"/>
</kw>
<kw name="Sleep" owner="BuiltIn">
<msg time="2024-06-14T11:36:26.747144" level="INFO">Slept 1 second.</msg>
<arg>1s</arg>
<doc>Pauses the test executed for the given time.</doc>
<status status="PASS" start="2024-06-14T11:36:25.745774" elapsed="1.001808"/>
</kw>
<status status="PASS" start="2024-06-14T11:36:25.712208" elapsed="1.035878"/>
</kw>
<kw name="ลบข้อมูลในช่องemail และ password" owner="Keywords-FriendLog-Testcase">
<kw name="Click Element" owner="SeleniumLibrary">
<msg time="2024-06-14T11:36:26.750985" level="INFO">Clicking element '//*[@id="username"]'.</msg>
<arg>//*[@id="username"]</arg>
<doc>Click the element identified by ``locator``.</doc>
<status status="PASS" start="2024-06-14T11:36:26.750480" elapsed="0.031643"/>
</kw>
<kw name="Clear Element Text" owner="SeleniumLibrary">
<arg>//*[@id="username"]</arg>
<doc>Clears the value of the text-input-element identified by ``locator``.</doc>
<status status="PASS" start="2024-06-14T11:36:26.782329" elapsed="0.015941"/>
</kw>
<kw name="Click Element" owner="SeleniumLibrary">
<msg time="2024-06-14T11:36:26.798542" level="INFO">Clicking element '//*[@id="password"]'.</msg>
<arg>//*[@id="password"]</arg>
<doc>Click the element identified by ``locator``.</doc>
<status status="PASS" start="2024-06-14T11:36:26.798405" elapsed="0.018252"/>
</kw>
<kw name="Clear Element Text" owner="SeleniumLibrary">
<arg>//*[@id="password"]</arg>
<doc>Clears the value of the text-input-element identified by ``locator``.</doc>
<status status="PASS" start="2024-06-14T11:36:26.816787" elapsed="0.011845"/>
</kw>
<kw name="Sleep" owner="BuiltIn">
<msg time="2024-06-14T11:36:28.830016" level="INFO">Slept 2 seconds.</msg>
<arg>2s</arg>
<doc>Pauses the test executed for the given time.</doc>
<status status="PASS" start="2024-06-14T11:36:26.828725" elapsed="2.001582"/>
</kw>
<status status="PASS" start="2024-06-14T11:36:26.749206" elapsed="2.081423"/>
</kw>
<status status="PASS" start="2024-06-14T11:36:23.639173" elapsed="5.191997"/>
</test>
<test id="s1-t6" name="ไม่กรอกข้อความลงในช่อง email แต่กรอก password เข้าสู่ระบบไม่ได้" line="31">
<kw name="กดกรอกข้อความลงในช่องpassword ถูกต้อง" owner="Keywords-FriendLog-Testcase">
<kw name="Click Element" owner="SeleniumLibrary">
<msg time="2024-06-14T11:36:28.836810" level="INFO">Clicking element '//*[@id="password"]'.</msg>
<arg>//*[@id="password"]</arg>
<doc>Click the element identified by ``locator``.</doc>
<status status="PASS" start="2024-06-14T11:36:28.836481" elapsed="0.030260"/>
</kw>
<kw name="Input Text" owner="SeleniumLibrary">
<msg time="2024-06-14T11:36:28.867195" level="INFO">Typing text '1' into text field '//*[@id="password"]'.</msg>
<arg>//*[@id="password"]</arg>
<arg>${inp_password}</arg>
<doc>Types the given ``text`` into the text field identified by ``locator``.</doc>
<status status="PASS" start="2024-06-14T11:36:28.866950" elapsed="0.027008"/>
</kw>
<kw name="Sleep" owner="BuiltIn">
<msg time="2024-06-14T11:36:30.894928" level="INFO">Slept 2 seconds.</msg>
<arg>2s</arg>
<doc>Pauses the test executed for the given time.</doc>
<status status="PASS" start="2024-06-14T11:36:28.894101" elapsed="2.001315"/>
</kw>
<status status="PASS" start="2024-06-14T11:36:28.835983" elapsed="2.059950"/>
</kw>
<kw name="กดปุ่ม login เข้าสู่ระบบ" owner="Keywords-FriendLog-Testcase">
<kw name="Click Element" owner="SeleniumLibrary">
<msg time="2024-06-14T11:36:30.898612" level="INFO">Clicking element '//*[@id="kc-form-login"]/div/div/div[3]/div/button'.</msg>
<arg>//*[@id="kc-form-login"]/div/div/div[3]/div/button</arg>
<doc>Click the element identified by ``locator``.</doc>
<status status="PASS" start="2024-06-14T11:36:30.897979" elapsed="0.041781"/>
</kw>
<kw name="Sleep" owner="BuiltIn">
<msg time="2024-06-14T11:36:31.941080" level="INFO">Slept 1 second.</msg>
<arg>1s</arg>
<doc>Pauses the test executed for the given time.</doc>
<status status="PASS" start="2024-06-14T11:36:30.940107" elapsed="1.001518"/>
</kw>
<status status="PASS" start="2024-06-14T11:36:30.896931" elapsed="1.045204"/>
</kw>
<kw name="ลบข้อมูลในช่องemail และ password" owner="Keywords-FriendLog-Testcase">
<kw name="Click Element" owner="SeleniumLibrary">
<msg time="2024-06-14T11:36:31.944986" level="INFO">Clicking element '//*[@id="username"]'.</msg>
<arg>//*[@id="username"]</arg>
<doc>Click the element identified by ``locator``.</doc>
<status status="PASS" start="2024-06-14T11:36:31.944414" elapsed="0.039602"/>
</kw>
<kw name="Clear Element Text" owner="SeleniumLibrary">
<arg>//*[@id="username"]</arg>
<doc>Clears the value of the text-input-element identified by ``locator``.</doc>
<status status="PASS" start="2024-06-14T11:36:31.984232" elapsed="0.016519"/>
</kw>
<kw name="Click Element" owner="SeleniumLibrary">
<msg time="2024-06-14T11:36:32.001033" level="INFO">Clicking element '//*[@id="password"]'.</msg>
<arg>//*[@id="password"]</arg>
<doc>Click the element identified by ``locator``.</doc>
<status status="PASS" start="2024-06-14T11:36:32.000889" elapsed="0.018268"/>
</kw>
<kw name="Clear Element Text" owner="SeleniumLibrary">
<arg>//*[@id="password"]</arg>
<doc>Clears the value of the text-input-element identified by ``locator``.</doc>
<status status="PASS" start="2024-06-14T11:36:32.019283" elapsed="0.012323"/>
</kw>
<kw name="Sleep" owner="BuiltIn">
<msg time="2024-06-14T11:36:34.034197" level="INFO">Slept 2 seconds.</msg>
<arg>2s</arg>
<doc>Pauses the test executed for the given time.</doc>
<status status="PASS" start="2024-06-14T11:36:32.031721" elapsed="2.002983"/>
</kw>
<status status="PASS" start="2024-06-14T11:36:31.943216" elapsed="2.092030"/>
</kw>
<status status="PASS" start="2024-06-14T11:36:28.831887" elapsed="5.204171"/>
</test>
<test id="s1-t7" name="ไม่กรอกข้อความลงในช่อง email และ password เข้าสู่ระบบไม่ได้" line="36">
<kw name="กดปุ่ม login เข้าสู่ระบบ" owner="Keywords-FriendLog-Testcase">
<kw name="Click Element" owner="SeleniumLibrary">
<msg time="2024-06-14T11:36:34.041644" level="INFO">Clicking element '//*[@id="kc-form-login"]/div/div/div[3]/div/button'.</msg>
<arg>//*[@id="kc-form-login"]/div/div/div[3]/div/button</arg>
<doc>Click the element identified by ``locator``.</doc>
<status status="PASS" start="2024-06-14T11:36:34.041082" elapsed="0.031225"/>
</kw>
<kw name="Sleep" owner="BuiltIn">
<msg time="2024-06-14T11:36:35.073941" level="INFO">Slept 1 second.</msg>
<arg>1s</arg>
<doc>Pauses the test executed for the given time.</doc>
<status status="PASS" start="2024-06-14T11:36:34.072594" elapsed="1.001498"/>
</kw>
<status status="PASS" start="2024-06-14T11:36:34.040310" elapsed="1.033933"/>
</kw>
<status status="PASS" start="2024-06-14T11:36:34.036672" elapsed="1.037772"/>
</test>
<test id="s1-t8" name="กรอกข้อความลงในช่อง email และ password ถูกต้อง เข้าสู่ระบบได้" line="39">
<kw name="กดกรอกข้อความลงในช่องemail ถูกต้อง" owner="Keywords-FriendLog-Testcase">
<kw name="Click Element" owner="SeleniumLibrary">
<msg time="2024-06-14T11:36:35.076742" level="INFO">Clicking element '//*[@id="username"]'.</msg>
<arg>//*[@id="username"]</arg>
<doc>Click the element identified by ``locator``.</doc>
<status status="PASS" start="2024-06-14T11:36:35.076578" elapsed="0.024431"/>
</kw>
<kw name="Input Text" owner="SeleniumLibrary">
<msg time="2024-06-14T11:36:35.101332" level="INFO">Typing text 'userTest' into text field '//*[@id="username"]'.</msg>
<arg>//*[@id="username"]</arg>
<arg>${inp_email}</arg>
<doc>Types the given ``text`` into the text field identified by ``locator``.</doc>
<status status="PASS" start="2024-06-14T11:36:35.101148" elapsed="0.025165"/>
</kw>
<kw name="Sleep" owner="BuiltIn">
<msg time="2024-06-14T11:36:37.127578" level="INFO">Slept 2 seconds.</msg>
<arg>2s</arg>
<doc>Pauses the test executed for the given time.</doc>
<status status="PASS" start="2024-06-14T11:36:35.126461" elapsed="2.001285"/>
</kw>
<status status="PASS" start="2024-06-14T11:36:35.076333" elapsed="2.051599"/>
</kw>
<kw name="กดกรอกข้อความลงในช่องpassword ถูกต้อง" owner="Keywords-FriendLog-Testcase">
<kw name="Click Element" owner="SeleniumLibrary">
<msg time="2024-06-14T11:36:37.129118" level="INFO">Clicking element '//*[@id="password"]'.</msg>
<arg>//*[@id="password"]</arg>
<doc>Click the element identified by ``locator``.</doc>
<status status="PASS" start="2024-06-14T11:36:37.128825" elapsed="0.028130"/>
</kw>
<kw name="Input Text" owner="SeleniumLibrary">
<msg time="2024-06-14T11:36:37.157321" level="INFO">Typing text '1' into text field '//*[@id="password"]'.</msg>
<arg>//*[@id="password"]</arg>
<arg>${inp_password}</arg>
<doc>Types the given ``text`` into the text field identified by ``locator``.</doc>
<status status="PASS" start="2024-06-14T11:36:37.157111" elapsed="0.024191"/>
</kw>
<kw name="Sleep" owner="BuiltIn">
<msg time="2024-06-14T11:36:39.182182" level="INFO">Slept 2 seconds.</msg>
<arg>2s</arg>
<doc>Pauses the test executed for the given time.</doc>
<status status="PASS" start="2024-06-14T11:36:37.181425" elapsed="2.001169"/>
</kw>
<status status="PASS" start="2024-06-14T11:36:37.128352" elapsed="2.054672"/>
</kw>
<kw name="กดปุ่ม login เข้าสู่ระบบ" owner="Keywords-FriendLog-Testcase">
<kw name="Click Element" owner="SeleniumLibrary">
<msg time="2024-06-14T11:36:39.185438" level="INFO">Clicking element '//*[@id="kc-form-login"]/div/div/div[3]/div/button'.</msg>
<arg>//*[@id="kc-form-login"]/div/div/div[3]/div/button</arg>
<doc>Click the element identified by ``locator``.</doc>
<status status="PASS" start="2024-06-14T11:36:39.184834" elapsed="0.519341"/>
</kw>
<kw name="Sleep" owner="BuiltIn">
<msg time="2024-06-14T11:36:40.708010" level="INFO">Slept 1 second.</msg>
<arg>1s</arg>
<doc>Pauses the test executed for the given time.</doc>
<status status="PASS" start="2024-06-14T11:36:39.705359" elapsed="1.003266"/>
</kw>
<status status="PASS" start="2024-06-14T11:36:39.183851" elapsed="1.525380"/>
</kw>
<status status="PASS" start="2024-06-14T11:36:35.074673" elapsed="5.635348"/>
</test>
<status status="PASS" start="2024-06-14T11:35:58.216497" elapsed="42.494785"/>
</suite>
<statistics>
<total>
<stat pass="8" fail="0" skip="0">All Tests</stat>
</total>
<tag>
</tag>
<suite>
<stat pass="8" fail="0" skip="0" id="s1" name="FriendLog-Testcase">FriendLog-Testcase</stat>
</suite>
</statistics>
<errors>
<msg time="2024-06-14T11:35:58.227652" level="WARN">Error in file '/Users/thunodde/Documents/KeycloakTheme/Keywords-FriendLog-Testcase.robot' on line 4: Singular section headers like '*** Variable ***' are deprecated. Use plural format like '*** Variables ***' instead.</msg>
</errors>
</robot>
